<?xml version="1.0" encoding="UTF-8"?>
<robot generator="Robot 7.1.1 (Python 3.10.12 on linux)" generated="2024-11-16T19:27:08.305320" rpa="false" schemaversion="5">
<suite id="s1" name="Tests" source="/home/zeke/webcounter1/src/tests">
<suite id="s1-s1" name="Increment" source="/home/zeke/webcounter1/src/tests/increment.robot">
<kw name="Open And Configure Browser" owner="resource" type="SETUP">
<if>
<branch type="IF" condition="$BROWSER == 'chrome'">
<kw name="Evaluate" owner="BuiltIn">
<msg time="2024-11-16T19:27:09.675089" level="INFO">${options} = &lt;selenium.webdriver.chrome.options.Options object at 0x7efff7cd26e0&gt;</msg>
<var>${options}</var>
<arg>sys.modules['selenium.webdriver'].ChromeOptions()</arg>
<arg>sys</arg>
<doc>Evaluates the given expression in Python and returns the result.</doc>
<status status="PASS" start="2024-11-16T19:27:09.666327" elapsed="0.008898"/>
</kw>
<status status="PASS" start="2024-11-16T19:27:09.624869" elapsed="0.050591"/>
</branch>
<branch type="ELSE IF" condition="$BROWSER == 'firefox'">
<kw name="Evaluate" owner="BuiltIn">
<var>${options}</var>
<arg>sys.modules['selenium.webdriver'].FirefoxOptions()</arg>
<arg>sys</arg>
<doc>Evaluates the given expression in Python and returns the result.</doc>
<status status="NOT RUN" start="2024-11-16T19:27:09.676003" elapsed="0.000092"/>
</kw>
<status status="NOT RUN" start="2024-11-16T19:27:09.675610" elapsed="0.000642"/>
</branch>
<status status="PASS" start="2024-11-16T19:27:09.624791" elapsed="0.059163"/>
</if>
<if>
<branch type="IF" condition="$HEADLESS == 'true'">
<kw name="Set Selenium Speed" owner="SeleniumLibrary">
<arg>0</arg>
<doc>Sets the delay that is waited after each Selenium command.</doc>
<status status="NOT RUN" start="2024-11-16T19:27:09.684811" elapsed="0.000098"/>
</kw>
<kw name="Call Method" owner="BuiltIn">
<arg>${options}</arg>
<arg>add_argument</arg>
<arg>--headless</arg>
<doc>Calls the named method of the given object with the provided arguments.</doc>
<status status="NOT RUN" start="2024-11-16T19:27:09.685228" elapsed="0.000087"/>
</kw>
<status status="NOT RUN" start="2024-11-16T19:27:09.684197" elapsed="0.001270"/>
</branch>
<branch type="ELSE">
<kw name="Set Selenium Speed" owner="SeleniumLibrary">
<arg>${DELAY}</arg>
<doc>Sets the delay that is waited after each Selenium command.</doc>
<status status="PASS" start="2024-11-16T19:27:09.685975" elapsed="0.008416"/>
</kw>
<status status="PASS" start="2024-11-16T19:27:09.685581" elapsed="0.009007"/>
</branch>
<status status="PASS" start="2024-11-16T19:27:09.684146" elapsed="0.010556"/>
</if>
<kw name="Open Browser" owner="SeleniumLibrary">
<msg time="2024-11-16T19:27:09.695849" level="INFO">Opening browser 'chrome' to base url 'None'.</msg>
<arg>browser=${BROWSER}</arg>
<arg>options=${options}</arg>
<doc>Opens a new browser instance to the optional ``url``.</doc>
<status status="PASS" start="2024-11-16T19:27:09.695041" elapsed="6.250264"/>
</kw>
<status status="PASS" start="2024-11-16T19:27:09.624086" elapsed="6.321706"/>
</kw>
<test id="s1-s1-t1" name="At start the counter is zero" line="7">
<kw name="Go To" owner="SeleniumLibrary">
<msg time="2024-11-16T19:27:15.955778" level="INFO">Opening url 'http://localhost:5001'</msg>
<arg>${HOME_URL}</arg>
<doc>Navigates the current browser window to the provided ``url``.</doc>
<status status="PASS" start="2024-11-16T19:27:15.955151" elapsed="1.040708"/>
</kw>
<kw name="Title Should Be" owner="SeleniumLibrary">
<msg time="2024-11-16T19:27:17.616348" level="INFO">Page title is 'Laskuri'.</msg>
<arg>Laskuri</arg>
<doc>Verifies that the current page title equals ``title``.</doc>
<status status="PASS" start="2024-11-16T19:27:17.004019" elapsed="0.620286"/>
</kw>
<kw name="Page Should Contain" owner="SeleniumLibrary">
<msg time="2024-11-16T19:27:18.804241" level="INFO">Current page contains text 'nappia painettu 0 kertaa'.</msg>
<arg>nappia painettu 0 kertaa</arg>
<doc>Verifies that current page contains ``text``.</doc>
<status status="PASS" start="2024-11-16T19:27:17.625267" elapsed="1.179203"/>
</kw>
<status status="PASS" start="2024-11-16T19:27:15.946141" elapsed="2.858825"/>
</test>
<test id="s1-s1-t2" name="When button pressed twice the counter is two" line="12">
<kw name="Go To" owner="SeleniumLibrary">
<msg time="2024-11-16T19:27:18.814888" level="INFO">Opening url 'http://localhost:5001'</msg>
<arg>${HOME_URL}</arg>
<doc>Navigates the current browser window to the provided ``url``.</doc>
<status status="PASS" start="2024-11-16T19:27:18.814381" elapsed="0.670666"/>
</kw>
<kw name="Click Button" owner="SeleniumLibrary">
<msg time="2024-11-16T19:27:19.486186" level="INFO">Clicking button 'Paina'.</msg>
<arg>Paina</arg>
<doc>Clicks the button identified by ``locator``.</doc>
<status status="PASS" start="2024-11-16T19:27:19.485589" elapsed="2.490090"/>
</kw>
<kw name="Click Button" owner="SeleniumLibrary">
<msg time="2024-11-16T19:27:21.984250" level="INFO">Clicking button 'Paina'.</msg>
<arg>Paina</arg>
<doc>Clicks the button identified by ``locator``.</doc>
<status status="PASS" start="2024-11-16T19:27:21.976211" elapsed="2.289136"/>
</kw>
<kw name="Page Should Contain" owner="SeleniumLibrary">
<msg time="2024-11-16T19:27:25.394150" level="INFO">Current page contains text 'nappia painettu 2 kertaa'.</msg>
<arg>nappia painettu 2 kertaa</arg>
<doc>Verifies that current page contains ``text``.</doc>
<status status="PASS" start="2024-11-16T19:27:24.265930" elapsed="1.128585"/>
</kw>
<status status="PASS" start="2024-11-16T19:27:18.805657" elapsed="6.589680"/>
</test>
<kw name="Close Browser" owner="SeleniumLibrary" type="TEARDOWN">
<doc>Closes the current browser.</doc>
<status status="PASS" start="2024-11-16T19:27:25.405089" elapsed="0.749102"/>
</kw>
<status status="PASS" start="2024-11-16T19:27:08.464204" elapsed="17.690161"/>
</suite>
<suite id="s1-s2" name="Reset" source="/home/zeke/webcounter1/src/tests/reset.robot">
<kw name="Open And Configure Browser" owner="resource" type="SETUP">
<if>
<branch type="IF" condition="$BROWSER == 'chrome'">
<kw name="Evaluate" owner="BuiltIn">
<msg time="2024-11-16T19:27:26.184985" level="INFO">${options} = &lt;selenium.webdriver.chrome.options.Options object at 0x7efff7b7c970&gt;</msg>
<var>${options}</var>
<arg>sys.modules['selenium.webdriver'].ChromeOptions()</arg>
<arg>sys</arg>
<doc>Evaluates the given expression in Python and returns the result.</doc>
<status status="PASS" start="2024-11-16T19:27:26.184347" elapsed="0.000702"/>
</kw>
<status status="PASS" start="2024-11-16T19:27:26.176182" elapsed="0.008984"/>
</branch>
<branch type="ELSE IF" condition="$BROWSER == 'firefox'">
<kw name="Evaluate" owner="BuiltIn">
<var>${options}</var>
<arg>sys.modules['selenium.webdriver'].FirefoxOptions()</arg>
<arg>sys</arg>
<doc>Evaluates the given expression in Python and returns the result.</doc>
<status status="NOT RUN" start="2024-11-16T19:27:26.185446" elapsed="0.000051"/>
</kw>
<status status="NOT RUN" start="2024-11-16T19:27:26.185239" elapsed="0.000342"/>
</branch>
<status status="PASS" start="2024-11-16T19:27:26.176144" elapsed="0.009544"/>
</if>
<if>
<branch type="IF" condition="$HEADLESS == 'true'">
<kw name="Set Selenium Speed" owner="SeleniumLibrary">
<arg>0</arg>
<doc>Sets the delay that is waited after each Selenium command.</doc>
<status status="NOT RUN" start="2024-11-16T19:27:26.186209" elapsed="0.000059"/>
</kw>
<kw name="Call Method" owner="BuiltIn">
<arg>${options}</arg>
<arg>add_argument</arg>
<arg>--headless</arg>
<doc>Calls the named method of the given object with the provided arguments.</doc>
<status status="NOT RUN" start="2024-11-16T19:27:26.194162" elapsed="0.000082"/>
</kw>
<status status="NOT RUN" start="2024-11-16T19:27:26.185815" elapsed="0.008529"/>
</branch>
<branch type="ELSE">
<kw name="Set Selenium Speed" owner="SeleniumLibrary">
<arg>${DELAY}</arg>
<doc>Sets the delay that is waited after each Selenium command.</doc>
<status status="PASS" start="2024-11-16T19:27:26.194615" elapsed="0.000592"/>
</kw>
<status status="PASS" start="2024-11-16T19:27:26.194428" elapsed="0.000882"/>
</branch>
<status status="PASS" start="2024-11-16T19:27:26.185788" elapsed="0.009582"/>
</if>
<kw name="Open Browser" owner="SeleniumLibrary">
<msg time="2024-11-16T19:27:26.206294" level="INFO">Opening browser 'chrome' to base url 'None'.</msg>
<arg>browser=${BROWSER}</arg>
<arg>options=${options}</arg>
<doc>Opens a new browser instance to the optional ``url``.</doc>
<status status="PASS" start="2024-11-16T19:27:26.195579" elapsed="3.538628"/>
</kw>
<status status="PASS" start="2024-11-16T19:27:26.175828" elapsed="3.558740"/>
</kw>
<test id="s1-s2-t1" name="When counter has a nonzero value and it is reset the value becomes zero" line="7">
<kw name="Go To" owner="SeleniumLibrary">
<msg time="2024-11-16T19:27:29.744244" level="INFO">Opening url 'http://localhost:5001'</msg>
<arg>${HOME_URL}</arg>
<doc>Navigates the current browser window to the provided ``url``.</doc>
<status status="PASS" start="2024-11-16T19:27:29.736026" elapsed="0.858883"/>
</kw>
<kw name="Click Button" owner="SeleniumLibrary">
<msg time="2024-11-16T19:27:30.595817" level="INFO">Clicking button 'Nollaa'.</msg>
<arg>Nollaa</arg>
<doc>Clicks the button identified by ``locator``.</doc>
<status status="PASS" start="2024-11-16T19:27:30.595431" elapsed="2.390205"/>
</kw>
<kw name="Page Should Contain" owner="SeleniumLibrary">
<msg time="2024-11-16T19:27:34.115234" level="INFO">Current page contains text 'nappia painettu 0 kertaa'.</msg>
<arg>nappia painettu 0 kertaa</arg>
<doc>Verifies that current page contains ``text``.</doc>
<status status="PASS" start="2024-11-16T19:27:32.986189" elapsed="1.129278"/>
</kw>
<status status="PASS" start="2024-11-16T19:27:29.734777" elapsed="4.381159"/>
</test>
<kw name="Close Browser" owner="SeleniumLibrary" type="TEARDOWN">
<doc>Closes the current browser.</doc>
<status status="PASS" start="2024-11-16T19:27:34.124985" elapsed="0.699292"/>
</kw>
<status status="PASS" start="2024-11-16T19:27:26.155712" elapsed="8.668752"/>
</suite>
<suite id="s1-s3" name="Set Value" source="/home/zeke/webcounter1/src/tests/set_value.robot">
<kw name="Open And Configure Browser" owner="resource" type="SETUP">
<if>
<branch type="IF" condition="$BROWSER == 'chrome'">
<kw name="Evaluate" owner="BuiltIn">
<msg time="2024-11-16T19:27:34.856144" level="INFO">${options} = &lt;selenium.webdriver.chrome.options.Options object at 0x7efff7b7cbe0&gt;</msg>
<var>${options}</var>
<arg>sys.modules['selenium.webdriver'].ChromeOptions()</arg>
<arg>sys</arg>
<doc>Evaluates the given expression in Python and returns the result.</doc>
<status status="PASS" start="2024-11-16T19:27:34.855538" elapsed="0.000675"/>
</kw>
<status status="PASS" start="2024-11-16T19:27:34.855027" elapsed="0.008971"/>
</branch>
<branch type="ELSE IF" condition="$BROWSER == 'firefox'">
<kw name="Evaluate" owner="BuiltIn">
<var>${options}</var>
<arg>sys.modules['selenium.webdriver'].FirefoxOptions()</arg>
<arg>sys</arg>
<doc>Evaluates the given expression in Python and returns the result.</doc>
<status status="NOT RUN" start="2024-11-16T19:27:34.864415" elapsed="0.000097"/>
</kw>
<status status="NOT RUN" start="2024-11-16T19:27:34.864133" elapsed="0.000483"/>
</branch>
<status status="PASS" start="2024-11-16T19:27:34.854990" elapsed="0.009759"/>
</if>
<if>
<branch type="IF" condition="$HEADLESS == 'true'">
<kw name="Set Selenium Speed" owner="SeleniumLibrary">
<arg>0</arg>
<doc>Sets the delay that is waited after each Selenium command.</doc>
<status status="NOT RUN" start="2024-11-16T19:27:34.865312" elapsed="0.000066"/>
</kw>
<kw name="Call Method" owner="BuiltIn">
<arg>${options}</arg>
<arg>add_argument</arg>
<arg>--headless</arg>
<doc>Calls the named method of the given object with the provided arguments.</doc>
<status status="NOT RUN" start="2024-11-16T19:27:34.865568" elapsed="0.000050"/>
</kw>
<status status="NOT RUN" start="2024-11-16T19:27:34.864873" elapsed="0.000828"/>
</branch>
<branch type="ELSE">
<kw name="Set Selenium Speed" owner="SeleniumLibrary">
<arg>${DELAY}</arg>
<doc>Sets the delay that is waited after each Selenium command.</doc>
<status status="PASS" start="2024-11-16T19:27:34.865925" elapsed="0.008162"/>
</kw>
<status status="PASS" start="2024-11-16T19:27:34.865763" elapsed="0.008433"/>
</branch>
<status status="PASS" start="2024-11-16T19:27:34.864846" elapsed="0.009414"/>
</if>
<kw name="Open Browser" owner="SeleniumLibrary">
<msg time="2024-11-16T19:27:34.874931" level="INFO">Opening browser 'chrome' to base url 'None'.</msg>
<arg>browser=${BROWSER}</arg>
<arg>options=${options}</arg>
<doc>Opens a new browser instance to the optional ``url``.</doc>
<status status="PASS" start="2024-11-16T19:27:34.874459" elapsed="3.900320"/>
</kw>
<status status="PASS" start="2024-11-16T19:27:34.854600" elapsed="3.920455"/>
</kw>
<test id="s1-s3-t1" name="When counter has a nonzero value and it is reset the value becomes zero" line="7">
<kw name="Go To" owner="SeleniumLibrary">
<msg time="2024-11-16T19:27:38.785630" level="INFO">Opening url 'http://localhost:5001'</msg>
<arg>${HOME_URL}</arg>
<doc>Navigates the current browser window to the provided ``url``.</doc>
<status status="PASS" start="2024-11-16T19:27:38.785008" elapsed="0.879560"/>
</kw>
<kw name="Input Text" owner="SeleniumLibrary">
<msg time="2024-11-16T19:27:39.665664" level="INFO">Typing text '10' into text field 'new_value'.</msg>
<arg>new_value</arg>
<arg>10</arg>
<doc>Types the given ``text`` into the text field identified by ``locator``.</doc>
<status status="PASS" start="2024-11-16T19:27:39.665213" elapsed="2.449490"/>
</kw>
<kw name="Click Button" owner="SeleniumLibrary">
<msg time="2024-11-16T19:27:42.115798" level="INFO">Clicking button 'aseta'.</msg>
<arg>aseta</arg>
<doc>Clicks the button identified by ``locator``.</doc>
<status status="PASS" start="2024-11-16T19:27:42.115331" elapsed="2.409250"/>
</kw>
<kw name="Page Should Contain" owner="SeleniumLibrary">
<msg time="2024-11-16T19:27:45.654990" level="INFO">Current page contains text 'nappia painettu 10 kertaa'.</msg>
<arg>nappia painettu 10 kertaa</arg>
<doc>Verifies that current page contains ``text``.</doc>
<status status="PASS" start="2024-11-16T19:27:44.525140" elapsed="1.130098"/>
</kw>
<status status="PASS" start="2024-11-16T19:27:38.775245" elapsed="6.880481"/>
</test>
<kw name="Close Browser" owner="SeleniumLibrary" type="TEARDOWN">
<doc>Closes the current browser.</doc>
<status status="PASS" start="2024-11-16T19:27:45.664980" elapsed="0.631190"/>
</kw>
<status status="PASS" start="2024-11-16T19:27:34.825853" elapsed="11.478160"/>
</suite>
<status status="PASS" start="2024-11-16T19:27:08.314553" elapsed="37.991123"/>
</suite>
<statistics>
<total>
<stat pass="4" fail="0" skip="0">All Tests</stat>
</total>
<tag>
</tag>
<suite>
<stat pass="4" fail="0" skip="0" id="s1" name="Tests">Tests</stat>
<stat pass="2" fail="0" skip="0" id="s1-s1" name="Increment">Tests.Increment</stat>
<stat pass="1" fail="0" skip="0" id="s1-s2" name="Reset">Tests.Reset</stat>
<stat pass="1" fail="0" skip="0" id="s1-s3" name="Set Value">Tests.Set Value</stat>
</suite>
</statistics>
<errors>
</errors>
</robot>
