<?xml version="1.0" encoding="UTF-8"?>
<robot generator="Robot 7.1.1 (Python 3.10.12 on linux)" generated="2024-11-16T02:35:46.880862" rpa="false" schemaversion="5">
<suite id="s1" name="Tests" source="/home/zeke/webcounter1/webcounter/src/tests">
<suite id="s1-s1" name="Increment" source="/home/zeke/webcounter1/webcounter/src/tests/increment.robot">
<kw name="Open And Configure Browser" owner="resource" type="SETUP">
<if>
<branch type="IF" condition="$BROWSER == 'chrome'">
<kw name="Evaluate" owner="BuiltIn">
<msg time="2024-11-16T02:35:47.324733" level="INFO">${options} = &lt;selenium.webdriver.chrome.options.Options object at 0x7f69c68ee380&gt;</msg>
<var>${options}</var>
<arg>sys.modules['selenium.webdriver'].ChromeOptions()</arg>
<arg>sys</arg>
<doc>Evaluates the given expression in Python and returns the result.</doc>
<status status="PASS" start="2024-11-16T02:35:47.324091" elapsed="0.000723"/>
</kw>
<status status="PASS" start="2024-11-16T02:35:47.317542" elapsed="0.007401"/>
</branch>
<branch type="ELSE IF" condition="$BROWSER == 'firefox'">
<kw name="Evaluate" owner="BuiltIn">
<var>${options}</var>
<arg>sys.modules['selenium.webdriver'].FirefoxOptions()</arg>
<arg>sys</arg>
<doc>Evaluates the given expression in Python and returns the result.</doc>
<status status="NOT RUN" start="2024-11-16T02:35:47.325236" elapsed="0.000053"/>
</kw>
<status status="NOT RUN" start="2024-11-16T02:35:47.325028" elapsed="0.000345"/>
</branch>
<status status="PASS" start="2024-11-16T02:35:47.317485" elapsed="0.007947"/>
</if>
<if>
<branch type="IF" condition="$HEADLESS == 'true'">
<kw name="Set Selenium Speed" owner="SeleniumLibrary">
<arg>0</arg>
<doc>Sets the delay that is waited after each Selenium command.</doc>
<status status="PASS" start="2024-11-16T02:35:47.325856" elapsed="0.000319"/>
</kw>
<kw name="Call Method" owner="BuiltIn">
<arg>${options}</arg>
<arg>add_argument</arg>
<arg>--headless</arg>
<doc>Calls the named method of the given object with the provided arguments.</doc>
<status status="PASS" start="2024-11-16T02:35:47.326367" elapsed="0.000271"/>
</kw>
<status status="PASS" start="2024-11-16T02:35:47.325532" elapsed="0.001201"/>
</branch>
<branch type="ELSE">
<kw name="Set Selenium Speed" owner="SeleniumLibrary">
<arg>${DELAY}</arg>
<doc>Sets the delay that is waited after each Selenium command.</doc>
<status status="NOT RUN" start="2024-11-16T02:35:47.326959" elapsed="0.000047"/>
</kw>
<status status="NOT RUN" start="2024-11-16T02:35:47.326795" elapsed="0.000282"/>
</branch>
<status status="PASS" start="2024-11-16T02:35:47.325505" elapsed="0.001635"/>
</if>
<kw name="Open Browser" owner="SeleniumLibrary">
<msg time="2024-11-16T02:35:47.327729" level="INFO">Opening browser 'chrome' to base url 'None'.</msg>
<arg>browser=${BROWSER}</arg>
<arg>options=${options}</arg>
<doc>Opens a new browser instance to the optional ``url``.</doc>
<status status="PASS" start="2024-11-16T02:35:47.327301" elapsed="1.293020"/>
</kw>
<status status="PASS" start="2024-11-16T02:35:47.317021" elapsed="1.303546"/>
</kw>
<test id="s1-s1-t1" name="At start the counter is zero" line="7">
<kw name="Go To" owner="SeleniumLibrary">
<msg time="2024-11-16T02:35:48.621893" level="INFO">Opening url 'http://localhost:5001'</msg>
<arg>${HOME_URL}</arg>
<doc>Navigates the current browser window to the provided ``url``.</doc>
<status status="PASS" start="2024-11-16T02:35:48.621528" elapsed="0.096642"/>
</kw>
<kw name="Title Should Be" owner="SeleniumLibrary">
<msg time="2024-11-16T02:35:48.735049" level="INFO">Page title is 'Laskuri'.</msg>
<arg>Laskuri</arg>
<doc>Verifies that the current page title equals ``title``.</doc>
<status status="PASS" start="2024-11-16T02:35:48.718815" elapsed="0.016437"/>
</kw>
<kw name="Page Should Contain" owner="SeleniumLibrary">
<msg time="2024-11-16T02:35:48.770274" level="INFO">Current page contains text 'nappia painettu 0 kertaa'.</msg>
<arg>nappia painettu 0 kertaa</arg>
<doc>Verifies that current page contains ``text``.</doc>
<status status="PASS" start="2024-11-16T02:35:48.735820" elapsed="0.034662"/>
</kw>
<status status="PASS" start="2024-11-16T02:35:48.620760" elapsed="0.150217"/>
</test>
<test id="s1-s1-t2" name="When button pressed twice the counter is two" line="12">
<kw name="Go To" owner="SeleniumLibrary">
<msg time="2024-11-16T02:35:48.773702" level="INFO">Opening url 'http://localhost:5001'</msg>
<arg>${HOME_URL}</arg>
<doc>Navigates the current browser window to the provided ``url``.</doc>
<status status="PASS" start="2024-11-16T02:35:48.773121" elapsed="0.029812"/>
</kw>
<kw name="Click Button" owner="SeleniumLibrary">
<msg time="2024-11-16T02:35:48.804353" level="INFO">Clicking button 'Paina'.</msg>
<arg>Paina</arg>
<doc>Clicks the button identified by ``locator``.</doc>
<status status="PASS" start="2024-11-16T02:35:48.803568" elapsed="0.226772"/>
</kw>
<kw name="Click Button" owner="SeleniumLibrary">
<msg time="2024-11-16T02:35:49.031439" level="INFO">Clicking button 'Paina'.</msg>
<arg>Paina</arg>
<doc>Clicks the button identified by ``locator``.</doc>
<status status="PASS" start="2024-11-16T02:35:49.030945" elapsed="0.173964"/>
</kw>
<kw name="Page Should Contain" owner="SeleniumLibrary">
<msg time="2024-11-16T02:35:49.240836" level="INFO">Current page contains text 'nappia painettu 2 kertaa'.</msg>
<arg>nappia painettu 2 kertaa</arg>
<doc>Verifies that current page contains ``text``.</doc>
<status status="PASS" start="2024-11-16T02:35:49.206093" elapsed="0.034973"/>
</kw>
<status status="PASS" start="2024-11-16T02:35:48.771836" elapsed="0.470016"/>
</test>
<kw name="Close Browser" owner="SeleniumLibrary" type="TEARDOWN">
<doc>Closes the current browser.</doc>
<status status="PASS" start="2024-11-16T02:35:49.243516" elapsed="0.078969"/>
</kw>
<status status="PASS" start="2024-11-16T02:35:46.920475" elapsed="2.402188"/>
</suite>
<suite id="s1-s2" name="Reset" source="/home/zeke/webcounter1/webcounter/src/tests/reset.robot">
<kw name="Open And Configure Browser" owner="resource" type="SETUP">
<if>
<branch type="IF" condition="$BROWSER == 'chrome'">
<kw name="Evaluate" owner="BuiltIn">
<msg time="2024-11-16T02:35:49.330082" level="INFO">${options} = &lt;selenium.webdriver.chrome.options.Options object at 0x7f69c6798610&gt;</msg>
<var>${options}</var>
<arg>sys.modules['selenium.webdriver'].ChromeOptions()</arg>
<arg>sys</arg>
<doc>Evaluates the given expression in Python and returns the result.</doc>
<status status="PASS" start="2024-11-16T02:35:49.329597" elapsed="0.000676"/>
</kw>
<status status="PASS" start="2024-11-16T02:35:49.329142" elapsed="0.001347"/>
</branch>
<branch type="ELSE IF" condition="$BROWSER == 'firefox'">
<kw name="Evaluate" owner="BuiltIn">
<var>${options}</var>
<arg>sys.modules['selenium.webdriver'].FirefoxOptions()</arg>
<arg>sys</arg>
<doc>Evaluates the given expression in Python and returns the result.</doc>
<status status="NOT RUN" start="2024-11-16T02:35:49.330983" elapsed="0.000057"/>
</kw>
<status status="NOT RUN" start="2024-11-16T02:35:49.330580" elapsed="0.000546"/>
</branch>
<status status="PASS" start="2024-11-16T02:35:49.329103" elapsed="0.002089"/>
</if>
<if>
<branch type="IF" condition="$HEADLESS == 'true'">
<kw name="Set Selenium Speed" owner="SeleniumLibrary">
<arg>0</arg>
<doc>Sets the delay that is waited after each Selenium command.</doc>
<status status="PASS" start="2024-11-16T02:35:49.331645" elapsed="0.000354"/>
</kw>
<kw name="Call Method" owner="BuiltIn">
<arg>${options}</arg>
<arg>add_argument</arg>
<arg>--headless</arg>
<doc>Calls the named method of the given object with the provided arguments.</doc>
<status status="PASS" start="2024-11-16T02:35:49.332195" elapsed="0.000283"/>
</kw>
<status status="PASS" start="2024-11-16T02:35:49.331296" elapsed="0.001275"/>
</branch>
<branch type="ELSE">
<kw name="Set Selenium Speed" owner="SeleniumLibrary">
<arg>${DELAY}</arg>
<doc>Sets the delay that is waited after each Selenium command.</doc>
<status status="NOT RUN" start="2024-11-16T02:35:49.332802" elapsed="0.000048"/>
</kw>
<status status="NOT RUN" start="2024-11-16T02:35:49.332637" elapsed="0.000283"/>
</branch>
<status status="PASS" start="2024-11-16T02:35:49.331270" elapsed="0.001702"/>
</if>
<kw name="Open Browser" owner="SeleniumLibrary">
<msg time="2024-11-16T02:35:49.333826" level="INFO">Opening browser 'chrome' to base url 'None'.</msg>
<arg>browser=${BROWSER}</arg>
<arg>options=${options}</arg>
<doc>Opens a new browser instance to the optional ``url``.</doc>
<status status="PASS" start="2024-11-16T02:35:49.333345" elapsed="0.449288"/>
</kw>
<status status="PASS" start="2024-11-16T02:35:49.328737" elapsed="0.454140"/>
</kw>
<test id="s1-s2-t1" name="When counter has a nonzero value and it is reset the value becomes zero" line="7">
<kw name="Go To" owner="SeleniumLibrary">
<msg time="2024-11-16T02:35:49.784348" level="INFO">Opening url 'http://localhost:5001'</msg>
<arg>${HOME_URL}</arg>
<doc>Navigates the current browser window to the provided ``url``.</doc>
<status status="PASS" start="2024-11-16T02:35:49.783963" elapsed="0.086814"/>
</kw>
<kw name="Click Button" owner="SeleniumLibrary">
<msg time="2024-11-16T02:35:49.871978" level="INFO">Clicking button 'Nollaa'.</msg>
<arg>Nollaa</arg>
<doc>Clicks the button identified by ``locator``.</doc>
<status status="PASS" start="2024-11-16T02:35:49.871510" elapsed="0.188568"/>
</kw>
<kw name="Page Should Contain" owner="SeleniumLibrary">
<msg time="2024-11-16T02:35:50.095062" level="INFO">Current page contains text 'nappia painettu 0 kertaa'.</msg>
<arg>nappia painettu 0 kertaa</arg>
<doc>Verifies that current page contains ``text``.</doc>
<status status="PASS" start="2024-11-16T02:35:50.061119" elapsed="0.034191"/>
</kw>
<status status="PASS" start="2024-11-16T02:35:49.783053" elapsed="0.312725"/>
</test>
<kw name="Close Browser" owner="SeleniumLibrary" type="TEARDOWN">
<doc>Closes the current browser.</doc>
<status status="PASS" start="2024-11-16T02:35:50.096948" elapsed="0.128135"/>
</kw>
<status status="PASS" start="2024-11-16T02:35:49.323909" elapsed="0.901390"/>
</suite>
<status status="PASS" start="2024-11-16T02:35:46.882502" elapsed="3.344353"/>
</suite>
<statistics>
<total>
<stat pass="3" fail="0" skip="0">All Tests</stat>
</total>
<tag>
</tag>
<suite>
<stat pass="3" fail="0" skip="0" id="s1" name="Tests">Tests</stat>
<stat pass="2" fail="0" skip="0" id="s1-s1" name="Increment">Tests.Increment</stat>
<stat pass="1" fail="0" skip="0" id="s1-s2" name="Reset">Tests.Reset</stat>
</suite>
</statistics>
<errors>
</errors>
</robot>
